<?xml version="1.0" encoding="UTF-8"?>
<!-- Generated by org.testng.reporters.JUnitReportReporter -->
<testsuite hostname="LTIN509153" failures="0" tests="1" name="com.outreach.testcases.NavigateToOutReach" time="14.096" errors="0" timestamp="2024-04-02T18:00:54 IST" skipped="0">
  <testcase classname="com.outreach.testcases.NavigateToOutReach" name="navigate_outreach" time="14.096"/>
</testsuite> <!-- com.outreach.testcases.NavigateToOutReach -->
