<?xml version="1.0" encoding="UTF-8"?>
<!-- Generated by org.testng.reporters.JUnitReportReporter -->
<testsuite hostname="LTIN509153" failures="0" tests="1" name="com.outreach.testcases.Test_5_print_interest" time="10.686" errors="0" timestamp="2024-04-02T12:39:32 IST" skipped="0">
  <testcase classname="com.outreach.testcases.Test_5_print_interest" name="print_interest" time="10.686"/>
</testsuite> <!-- com.outreach.testcases.Test_5_print_interest -->
