<?xml version="1.0" encoding="UTF-8"?>
<!-- Generated by org.testng.reporters.JUnitReportReporter -->
<testsuite hostname="LTIN509153" failures="0" tests="1" name="com.outreach.testcases.Test_8_click_my_volunteering" time="0.710" errors="0" timestamp="2024-04-02T12:39:32 IST" skipped="0">
  <testcase classname="com.outreach.testcases.Test_8_click_my_volunteering" name="click_vol" time="0.710"/>
</testsuite> <!-- com.outreach.testcases.Test_8_click_my_volunteering -->
