<?xml version="1.0" encoding="UTF-8"?>
<!-- Generated by org.testng.reporters.JUnitReportReporter -->
<testsuite hostname="LTIN509153" failures="0" tests="1" name="com.outreach.testcases.Test_1_capture_user_info" time="34.720" errors="0" timestamp="2024-04-02T11:11:45 IST" skipped="0">
  <testcase classname="com.outreach.testcases.Test_1_capture_user_info" name="getInfo" time="34.720"/>
</testsuite> <!-- com.outreach.testcases.Test_1_capture_user_info -->
