<?xml version="1.0" encoding="UTF-8"?>
<!-- Generated by org.testng.reporters.JUnitReportReporter -->
<testsuite hostname="LTIN509153" failures="0" tests="1" name="com.outreach.testcases.SelectMyVolunteering" time="1.004" errors="0" timestamp="2024-04-02T18:00:54 IST" skipped="0">
  <testcase classname="com.outreach.testcases.SelectMyVolunteering" name="click_vol" time="1.004"/>
</testsuite> <!-- com.outreach.testcases.SelectMyVolunteering -->
