<?xml version="1.0" encoding="UTF-8"?>
<!-- Generated by org.testng.reporters.JUnitReportReporter -->
<testsuite hostname="LTIN509153" failures="0" tests="1" name="com.outreach.testcases.Test_6_validate_search_filter" time="28.756" errors="0" timestamp="2024-04-02T12:39:32 IST" skipped="0">
  <testcase classname="com.outreach.testcases.Test_6_validate_search_filter" name="validate" time="28.756"/>
</testsuite> <!-- com.outreach.testcases.Test_6_validate_search_filter -->
