<?xml version="1.0" encoding="UTF-8"?>
<!-- Generated by org.testng.reporters.JUnitReportReporter -->
<testsuite hostname="LTIN509153" failures="0" tests="1" name="com.outreach.testcases.IntrestEvents" time="11.617" errors="0" timestamp="2024-04-02T18:00:54 IST" skipped="0">
  <testcase classname="com.outreach.testcases.IntrestEvents" name="print_interest" time="11.617"/>
</testsuite> <!-- com.outreach.testcases.IntrestEvents -->
