<?xml version="1.0" encoding="UTF-8"?>
<!-- Generated by org.testng.reporters.JUnitReportReporter -->
<testsuite hostname="LTIN509153" failures="0" tests="2" name="com.outreach.testcases.MenusAndSubmenus" time="12.560" errors="0" timestamp="2024-04-02T18:00:54 IST" skipped="0">
  <testcase classname="com.outreach.testcases.MenusAndSubmenus" name="print_menu" time="10.200"/>
  <testcase classname="com.outreach.testcases.MenusAndSubmenus" name="print_submenu" time="2.360"/>
</testsuite> <!-- com.outreach.testcases.MenusAndSubmenus -->
