<?xml version="1.0" encoding="UTF-8"?>
<!-- Generated by org.testng.reporters.JUnitReportReporter -->
<testsuite hostname="LTIN509153" failures="0" tests="2" name="com.outreach.testcases.Test_4_print_menus_submenus" time="11.730" errors="0" timestamp="2024-04-02T12:39:32 IST" skipped="0">
  <testcase classname="com.outreach.testcases.Test_4_print_menus_submenus" name="print_menu" time="10.145"/>
  <testcase classname="com.outreach.testcases.Test_4_print_menus_submenus" name="print_submenu" time="1.585"/>
</testsuite> <!-- com.outreach.testcases.Test_4_print_menus_submenus -->
