<?xml version="1.0" encoding="UTF-8"?>
<!-- Generated by org.testng.reporters.JUnitReportReporter -->
<testsuite hostname="LTIN509153" failures="0" tests="1" name="com.outreach.testcases.GetVolunteerCards" time="10.463" errors="0" timestamp="2024-04-02T18:00:54 IST" skipped="0">
  <testcase classname="com.outreach.testcases.GetVolunteerCards" name="fetch_cards" time="10.463"/>
</testsuite> <!-- com.outreach.testcases.GetVolunteerCards -->
