<?xml version="1.0" encoding="UTF-8"?>
<!-- Generated by org.testng.reporters.JUnitReportReporter -->
<testsuite hostname="LTIN509153" failures="0" tests="1" name="com.outreach.testcases.Test_3_Navigate_to_outreach" time="13.427" errors="0" timestamp="2024-04-02T12:39:32 IST" skipped="0">
  <testcase classname="com.outreach.testcases.Test_3_Navigate_to_outreach" name="navigate_outreach" time="13.427"/>
</testsuite> <!-- com.outreach.testcases.Test_3_Navigate_to_outreach -->
